<?xml version="1.0" encoding="UTF-8"?>
<!-- Generated by org.testng.reporters.JUnitReportReporter -->
<testsuite hostname="SafinaPC" failures="0" tests="2" name="testCases.TC03_AddToCart" time="5.803" errors="0" timestamp="2025-02-18T19:23:46 EST" skipped="0">
  <testcase classname="testCases.TC03_AddToCart" name="testAddToCart" time="2.884"/>
  <testcase classname="testCases.TC03_AddToCart" name="testAddToCart" time="2.919"/>
</testsuite> <!-- testCases.TC03_AddToCart -->
