<?xml version="1.0" encoding="UTF-8"?>
<!-- Generated by org.testng.reporters.JUnitReportReporter -->
<testsuite hostname="SafinaPC" failures="0" tests="2" name="testCases.TC01_LaunchApplication" time="0.287" errors="0" timestamp="2025-02-18T19:23:46 EST" skipped="0">
  <testcase classname="testCases.TC01_LaunchApplication" name="testLaunchApplication" time="0.119"/>
  <testcase classname="testCases.TC01_LaunchApplication" name="testLaunchApplication" time="0.168"/>
</testsuite> <!-- testCases.TC01_LaunchApplication -->
