<?xml version="1.0" encoding="UTF-8"?>
<!-- Generated by org.testng.reporters.JUnitReportReporter -->
<testsuite hostname="SafinaPC" failures="0" tests="10" name="testCases.TC02_Login" time="36.913" errors="0" timestamp="2025-02-18T19:23:46 EST" skipped="0">
  <testcase classname="testCases.TC02_Login" name="testLogin" time="3.737"/>
  <testcase classname="testCases.TC02_Login" name="testLogin" time="3.664"/>
  <testcase classname="testCases.TC02_Login" name="testLogin" time="3.405"/>
  <testcase classname="testCases.TC02_Login" name="testLogin" time="3.544"/>
  <testcase classname="testCases.TC02_Login" name="testLogin" time="3.451"/>
  <testcase classname="testCases.TC02_Login" name="testLogin" time="4.587"/>
  <testcase classname="testCases.TC02_Login" name="testLogin" time="4.148"/>
  <testcase classname="testCases.TC02_Login" name="testLogin" time="3.336"/>
  <testcase classname="testCases.TC02_Login" name="testLogin" time="4.006"/>
  <testcase classname="testCases.TC02_Login" name="testLogin" time="3.035"/>
</testsuite> <!-- testCases.TC02_Login -->
