<?xml version="1.0" encoding="UTF-8"?>
<!-- Generated by org.testng.reporters.JUnitReportReporter -->
<testsuite hostname="SafinaPC" failures="0" tests="2" name="testCases.TC04_CompletePurchase" time="144.841" errors="0" timestamp="2025-02-18T19:23:46 EST" skipped="0">
  <testcase classname="testCases.TC04_CompletePurchase" name="testCompletePurchase" time="73.412"/>
  <testcase classname="testCases.TC04_CompletePurchase" name="testCompletePurchase" time="71.429"/>
</testsuite> <!-- testCases.TC04_CompletePurchase -->
