<?xml version="1.0" encoding="UTF-8"?>
<!-- Generated by org.testng.reporters.JUnitReportReporter -->
<testsuite hostname="SafinaPC" failures="0" tests="10" name="testCases.TC02_Login" time="35.861" errors="0" timestamp="2025-02-19T11:36:29 EST" skipped="0">
  <testcase classname="testCases.TC02_Login" name="testLogin" time="3.763"/>
  <testcase classname="testCases.TC02_Login" name="testLogin" time="3.452"/>
  <testcase classname="testCases.TC02_Login" name="testLogin" time="3.530"/>
  <testcase classname="testCases.TC02_Login" name="testLogin" time="3.894"/>
  <testcase classname="testCases.TC02_Login" name="testLogin" time="3.568"/>
  <testcase classname="testCases.TC02_Login" name="testLogin" time="3.752"/>
  <testcase classname="testCases.TC02_Login" name="testLogin" time="3.236"/>
  <testcase classname="testCases.TC02_Login" name="testLogin" time="3.014"/>
  <testcase classname="testCases.TC02_Login" name="testLogin" time="3.603"/>
  <testcase classname="testCases.TC02_Login" name="testLogin" time="4.049"/>
</testsuite> <!-- testCases.TC02_Login -->
