<?xml version="1.0" encoding="UTF-8"?>
<!-- Generated by org.testng.reporters.JUnitReportReporter -->
<testsuite hostname="SafinaPC" failures="0" tests="2" name="testCases.TC03_AddToCart" time="5.625" errors="0" timestamp="2025-02-19T11:36:29 EST" skipped="0">
  <testcase classname="testCases.TC03_AddToCart" name="testAddToCart" time="2.920"/>
  <testcase classname="testCases.TC03_AddToCart" name="testAddToCart" time="2.705"/>
</testsuite> <!-- testCases.TC03_AddToCart -->
