<?xml version="1.0" encoding="UTF-8"?>
<!-- Generated by org.testng.reporters.JUnitReportReporter -->
<testsuite hostname="SafinaPC" failures="0" tests="2" name="testCases.TC01_LaunchApplication" time="0.230" errors="0" timestamp="2025-02-19T11:36:29 EST" skipped="0">
  <testcase classname="testCases.TC01_LaunchApplication" name="testLaunchApplication" time="0.062"/>
  <testcase classname="testCases.TC01_LaunchApplication" name="testLaunchApplication" time="0.168"/>
</testsuite> <!-- testCases.TC01_LaunchApplication -->
