<?xml version="1.0" encoding="UTF-8"?>
<!-- Generated by org.testng.reporters.JUnitReportReporter -->
<testsuite hostname="SafinaPC" failures="0" tests="2" name="testCases.TC04_CompletePurchase" time="145.047" errors="0" timestamp="2025-02-19T11:36:29 EST" skipped="0">
  <testcase classname="testCases.TC04_CompletePurchase" name="testCompletePurchase" time="71.643"/>
  <testcase classname="testCases.TC04_CompletePurchase" name="testCompletePurchase" time="73.404"/>
</testsuite> <!-- testCases.TC04_CompletePurchase -->
